D:\USERS\D3X720\DOCUMENTS\PROJECTS\DECONMSNOLD - COPY\DEBUG\DECONMSNENGINE.DLL
D:\USERS\D3X720\DOCUMENTS\PROJECTS\DECONMSNOLD - COPY\DEBUG\DECONMSNENGINE.ILK
D:\USERS\D3X720\DOCUMENTS\PROJECTS\DECONMSNOLD - COPY\DEBUG\DECONMSNENGINE.PDB
D:\USERS\D3X720\DOCUMENTS\PROJECTS\DECONMSNOLD - COPY\DECONMSNENGINE\DEBUG\AGILENTRAWDATA.OBJ
D:\USERS\D3X720\DOCUMENTS\PROJECTS\DECONMSNOLD - COPY\DECONMSNENGINE\DEBUG\APODIZATION.OBJ
D:\USERS\D3X720\DOCUMENTS\PROJECTS\DECONMSNOLD - COPY\DECONMSNENGINE\DEBUG\APP.RES
D:\USERS\D3X720\DOCUMENTS\PROJECTS\DECONMSNOLD - COPY\DECONMSNENGINE\DEBUG\AREAFIT.OBJ
D:\USERS\D3X720\DOCUMENTS\PROJECTS\DECONMSNOLD - COPY\DECONMSNENGINE\DEBUG\ASCIIRAWDATA.OBJ
D:\USERS\D3X720\DOCUMENTS\PROJECTS\DECONMSNOLD - COPY\DECONMSNENGINE\DEBUG\ASSEMBLYINFO.OBJ
D:\USERS\D3X720\DOCUMENTS\PROJECTS\DECONMSNOLD - COPY\DECONMSNENGINE\DEBUG\ATOMICINFORMATION.OBJ
D:\USERS\D3X720\DOCUMENTS\PROJECTS\DECONMSNOLD - COPY\DECONMSNENGINE\DEBUG\AUTOCORRELATIONCHARGEDETERMINATION.OBJ
D:\USERS\D3X720\DOCUMENTS\PROJECTS\DECONMSNOLD - COPY\DECONMSNENGINE\DEBUG\AVERAGINE.OBJ
D:\USERS\D3X720\DOCUMENTS\PROJECTS\DECONMSNOLD - COPY\DECONMSNENGINE\DEBUG\BASE64.OBJ
D:\USERS\D3X720\DOCUMENTS\PROJECTS\DECONMSNOLD - COPY\DECONMSNENGINE\DEBUG\BLOCKDEQUE.OBJ
D:\USERS\D3X720\DOCUMENTS\PROJECTS\DECONMSNOLD - COPY\DECONMSNENGINE\DEBUG\BRUKERASCIIRAWDATA.OBJ
D:\USERS\D3X720\DOCUMENTS\PROJECTS\DECONMSNOLD - COPY\DECONMSNENGINE\DEBUG\BRUKERRAWDATA.OBJ
D:\USERS\D3X720\DOCUMENTS\PROJECTS\DECONMSNOLD - COPY\DECONMSNENGINE\DEBUG\CALIBRATOR.OBJ
D:\USERS\D3X720\DOCUMENTS\PROJECTS\DECONMSNOLD - COPY\DECONMSNENGINE\DEBUG\CALIBRATORIMP.OBJ
D:\USERS\D3X720\DOCUMENTS\PROJECTS\DECONMSNOLD - COPY\DECONMSNENGINE\DEBUG\CHISQFIT.OBJ
D:\Users\d3x720\Documents\Projects\DeconMSnOld - Copy\DeconMSnEngine\Debug\cl.command.1.tlog
D:\Users\d3x720\Documents\Projects\DeconMSnOld - Copy\DeconMSnEngine\Debug\CL.read.1.tlog
D:\Users\d3x720\Documents\Projects\DeconMSnOld - Copy\DeconMSnEngine\Debug\CL.write.1.tlog
D:\USERS\D3X720\DOCUMENTS\PROJECTS\DECONMSNOLD - COPY\DECONMSNENGINE\DEBUG\CLSAVERAGINE.OBJ
D:\USERS\D3X720\DOCUMENTS\PROJECTS\DECONMSNOLD - COPY\DECONMSNENGINE\DEBUG\CLSDTAGENERATIONPARAMETERS.OBJ
D:\USERS\D3X720\DOCUMENTS\PROJECTS\DECONMSNOLD - COPY\DECONMSNENGINE\DEBUG\CLSELEMENTISOTOPES.OBJ
D:\USERS\D3X720\DOCUMENTS\PROJECTS\DECONMSNOLD - COPY\DECONMSNENGINE\DEBUG\CLSHORNTRANSFORM.OBJ
D:\USERS\D3X720\DOCUMENTS\PROJECTS\DECONMSNOLD - COPY\DECONMSNENGINE\DEBUG\CLSHORNTRANSFORMPARAMETERS.OBJ
D:\USERS\D3X720\DOCUMENTS\PROJECTS\DECONMSNOLD - COPY\DECONMSNENGINE\DEBUG\CLSHORNTRANSFORMRESULTS.OBJ
D:\USERS\D3X720\DOCUMENTS\PROJECTS\DECONMSNOLD - COPY\DECONMSNENGINE\DEBUG\CLSISOTOPEFIT.OBJ
D:\USERS\D3X720\DOCUMENTS\PROJECTS\DECONMSNOLD - COPY\DECONMSNENGINE\DEBUG\CLSMERCURYISOTOPEDISTRIBUTION.OBJ
D:\USERS\D3X720\DOCUMENTS\PROJECTS\DECONMSNOLD - COPY\DECONMSNENGINE\DEBUG\CLSPEAK.OBJ
D:\USERS\D3X720\DOCUMENTS\PROJECTS\DECONMSNOLD - COPY\DECONMSNENGINE\DEBUG\CLSPEAKPROCESSOR.OBJ
D:\USERS\D3X720\DOCUMENTS\PROJECTS\DECONMSNOLD - COPY\DECONMSNENGINE\DEBUG\CLSPEAKPROCESSORPARAMETERS.OBJ
D:\USERS\D3X720\DOCUMENTS\PROJECTS\DECONMSNOLD - COPY\DECONMSNENGINE\DEBUG\CLSPROCRUNNER.OBJ
D:\USERS\D3X720\DOCUMENTS\PROJECTS\DECONMSNOLD - COPY\DECONMSNENGINE\DEBUG\CLSRAWDATA.OBJ
D:\USERS\D3X720\DOCUMENTS\PROJECTS\DECONMSNOLD - COPY\DECONMSNENGINE\DEBUG\CLSRAWDATAPREPROCESSOPTIONS.OBJ
D:\USERS\D3X720\DOCUMENTS\PROJECTS\DECONMSNOLD - COPY\DECONMSNENGINE\DEBUG\CLSTRANSFORMFILE.OBJ
D:\USERS\D3X720\DOCUMENTS\PROJECTS\DECONMSNOLD - COPY\DECONMSNENGINE\DEBUG\CLSTRANSFORMRESULTS.OBJ
D:\USERS\D3X720\DOCUMENTS\PROJECTS\DECONMSNOLD - COPY\DECONMSNENGINE\DEBUG\DECONENGINE.OBJ
D:\USERS\D3X720\DOCUMENTS\PROJECTS\DECONMSNOLD - COPY\DECONMSNENGINE\DEBUG\DECONENGINEUTILS.OBJ
D:\USERS\D3X720\DOCUMENTS\PROJECTS\DECONMSNOLD - COPY\DECONMSNENGINE\DEBUG\DECONEXCEPTION.OBJ
D:\USERS\D3X720\DOCUMENTS\PROJECTS\DECONMSNOLD - COPY\DECONMSNENGINE\DEBUG\DECONMSNENGINE.DLL.INTERMEDIATE.MANIFEST
D:\Users\d3x720\Documents\Projects\DeconMSnOld - Copy\DeconMSnEngine\Debug\DeconMsnEngine.write.1.tlog
D:\USERS\D3X720\DOCUMENTS\PROJECTS\DECONMSNOLD - COPY\DECONMSNENGINE\DEBUG\DTAGENERATION.OBJ
D:\Users\d3x720\Documents\Projects\DeconMSnOld - Copy\DeconMSnEngine\Debug\EEDFTCSP.DLL.bi
D:\USERS\D3X720\DOCUMENTS\PROJECTS\DECONMSNOLD - COPY\DECONMSNENGINE\DEBUG\FEATURESPACE.OBJ
D:\USERS\D3X720\DOCUMENTS\PROJECTS\DECONMSNOLD - COPY\DECONMSNENGINE\DEBUG\FFT32.OBJ
D:\USERS\D3X720\DOCUMENTS\PROJECTS\DECONMSNOLD - COPY\DECONMSNENGINE\DEBUG\FINNIGANRAWDATA.OBJ
D:\USERS\D3X720\DOCUMENTS\PROJECTS\DECONMSNOLD - COPY\DECONMSNENGINE\DEBUG\HELPERS.OBJ
D:\USERS\D3X720\DOCUMENTS\PROJECTS\DECONMSNOLD - COPY\DECONMSNENGINE\DEBUG\IC2LSRAWDATA.OBJ
D:\USERS\D3X720\DOCUMENTS\PROJECTS\DECONMSNOLD - COPY\DECONMSNENGINE\DEBUG\IMSRAWDATA.OBJ
D:\USERS\D3X720\DOCUMENTS\PROJECTS\DECONMSNOLD - COPY\DECONMSNENGINE\DEBUG\INTERPOLATION.OBJ
D:\USERS\D3X720\DOCUMENTS\PROJECTS\DECONMSNOLD - COPY\DECONMSNENGINE\DEBUG\ISOTOPEFIT.OBJ
D:\USERS\D3X720\DOCUMENTS\PROJECTS\DECONMSNOLD - COPY\DECONMSNENGINE\DEBUG\ISOTOPEFITRECORD.OBJ
D:\USERS\D3X720\DOCUMENTS\PROJECTS\DECONMSNOLD - COPY\DECONMSNENGINE\DEBUG\LCMSTRANSFORMRESULTS.OBJ
D:\Users\d3x720\Documents\Projects\DeconMSnOld - Copy\DeconMSnEngine\Debug\link.12840.read.1.tlog
D:\Users\d3x720\Documents\Projects\DeconMSnOld - Copy\DeconMSnEngine\Debug\link.12840.write.1.tlog
D:\Users\d3x720\Documents\Projects\DeconMSnOld - Copy\DeconMSnEngine\Debug\link.12840-cvtres.read.1.tlog
D:\Users\d3x720\Documents\Projects\DeconMSnOld - Copy\DeconMSnEngine\Debug\link.12840-cvtres.write.1.tlog
D:\Users\d3x720\Documents\Projects\DeconMSnOld - Copy\DeconMSnEngine\Debug\link.command.1.tlog
D:\Users\d3x720\Documents\Projects\DeconMSnOld - Copy\DeconMSnEngine\Debug\link.read.1.tlog
D:\Users\d3x720\Documents\Projects\DeconMSnOld - Copy\DeconMSnEngine\Debug\link.write.1.tlog
D:\USERS\D3X720\DOCUMENTS\PROJECTS\DECONMSNOLD - COPY\DECONMSNENGINE\DEBUG\MASSTRANSFORM.OBJ
D:\USERS\D3X720\DOCUMENTS\PROJECTS\DECONMSNOLD - COPY\DECONMSNENGINE\DEBUG\MATRIX.OBJ
D:\USERS\D3X720\DOCUMENTS\PROJECTS\DECONMSNOLD - COPY\DECONMSNENGINE\DEBUG\MERCURYCACHE.OBJ
D:\USERS\D3X720\DOCUMENTS\PROJECTS\DECONMSNOLD - COPY\DECONMSNENGINE\DEBUG\MERCURYISOTOPEDISTRIBUTION.OBJ
D:\Users\d3x720\Documents\Projects\DeconMSnOld - Copy\DeconMSnEngine\Debug\metagen.read.1.tlog
D:\Users\d3x720\Documents\Projects\DeconMSnOld - Copy\DeconMSnEngine\Debug\metagen.write.1.tlog
D:\USERS\D3X720\DOCUMENTS\PROJECTS\DECONMSNOLD - COPY\DECONMSNENGINE\DEBUG\MICROMASSRAWDATA.OBJ
D:\USERS\D3X720\DOCUMENTS\PROJECTS\DECONMSNOLD - COPY\DECONMSNENGINE\DEBUG\MOLECULARFORMULA.OBJ
D:\USERS\D3X720\DOCUMENTS\PROJECTS\DECONMSNOLD - COPY\DECONMSNENGINE\DEBUG\MSNINFORMATIONRECORD.OBJ
D:\Users\d3x720\Documents\Projects\DeconMSnOld - Copy\DeconMSnEngine\Debug\mt.command.1.tlog
D:\Users\d3x720\Documents\Projects\DeconMSnOld - Copy\DeconMSnEngine\Debug\mt.read.1.tlog
D:\Users\d3x720\Documents\Projects\DeconMSnOld - Copy\DeconMSnEngine\Debug\mt.write.1.tlog
D:\USERS\D3X720\DOCUMENTS\PROJECTS\DECONMSNOLD - COPY\DECONMSNENGINE\DEBUG\MZXMLRAWDATA.OBJ
D:\USERS\D3X720\DOCUMENTS\PROJECTS\DECONMSNOLD - COPY\DECONMSNENGINE\DEBUG\PEAK.OBJ
D:\USERS\D3X720\DOCUMENTS\PROJECTS\DECONMSNOLD - COPY\DECONMSNENGINE\DEBUG\PEAKDATA.OBJ
D:\USERS\D3X720\DOCUMENTS\PROJECTS\DECONMSNOLD - COPY\DECONMSNENGINE\DEBUG\PEAKFIT.OBJ
D:\USERS\D3X720\DOCUMENTS\PROJECTS\DECONMSNOLD - COPY\DECONMSNENGINE\DEBUG\PEAKFIT1.OBJ
D:\USERS\D3X720\DOCUMENTS\PROJECTS\DECONMSNOLD - COPY\DECONMSNENGINE\DEBUG\PEAKPROCESSOR.OBJ
D:\USERS\D3X720\DOCUMENTS\PROJECTS\DECONMSNOLD - COPY\DECONMSNENGINE\DEBUG\PROFILERECORD.OBJ
D:\USERS\D3X720\DOCUMENTS\PROJECTS\DECONMSNOLD - COPY\DECONMSNENGINE\DEBUG\RAMP.OBJ
D:\USERS\D3X720\DOCUMENTS\PROJECTS\DECONMSNOLD - COPY\DECONMSNENGINE\DEBUG\RAWDATA.OBJ
D:\Users\d3x720\Documents\Projects\DeconMSnOld - Copy\DeconMSnEngine\Debug\rc.command.1.tlog
D:\Users\d3x720\Documents\Projects\DeconMSnOld - Copy\DeconMSnEngine\Debug\rc.read.1.tlog
D:\Users\d3x720\Documents\Projects\DeconMSnOld - Copy\DeconMSnEngine\Debug\rc.write.1.tlog
D:\USERS\D3X720\DOCUMENTS\PROJECTS\DECONMSNOLD - COPY\DECONMSNENGINE\DEBUG\READERFACTORY.OBJ
D:\USERS\D3X720\DOCUMENTS\PROJECTS\DECONMSNOLD - COPY\DECONMSNENGINE\DEBUG\RESULTCHECKER.OBJ
D:\Users\d3x720\Documents\Projects\DeconMSnOld - Copy\DeconMSnEngine\Debug\RSAENH.DLL.bi
D:\USERS\D3X720\DOCUMENTS\PROJECTS\DECONMSNOLD - COPY\DECONMSNENGINE\DEBUG\SAVGOL.OBJ
D:\USERS\D3X720\DOCUMENTS\PROJECTS\DECONMSNOLD - COPY\DECONMSNENGINE\DEBUG\SAVGOLSMOOTHER.OBJ
D:\USERS\D3X720\DOCUMENTS\PROJECTS\DECONMSNOLD - COPY\DECONMSNENGINE\DEBUG\SUNEXTRELRAWDATA.OBJ
D:\USERS\D3X720\DOCUMENTS\PROJECTS\DECONMSNOLD - COPY\DECONMSNENGINE\DEBUG\SVMCHARGEDETERMINATION.OBJ
D:\Users\d3x720\Documents\Projects\DeconMSnOld - Copy\DeconMSnEngine\Debug\TZRES.DLL.bi
D:\USERS\D3X720\DOCUMENTS\PROJECTS\DECONMSNOLD - COPY\DECONMSNENGINE\DEBUG\VC100.PDB
D:\Users\d3x720\Documents\Projects\DeconMSnOld - Copy\DeconMSnEngine\Debug\XRAWFILE2.DLL.bi
D:\Users\d3x720\Documents\Projects\DeconMSnOld - Copy\DeconMSnEngine\Debug\xrawfile2.tlh
D:\Users\d3x720\Documents\Projects\DeconMSnOld - Copy\DeconMSnEngine\Debug\xrawfile2.tli
