Build started 9/20/2013 12:36:56 PM.
     1>Project "D:\Users\d3x720\Documents\Projects\DeconMSnOld - Copy\DeconMSnEngine\DeconMsnEngine.vcxproj" on node 2 (build target(s)).
     1>InitializeBuildStatus:
         Touching "Debug\DeconMsnEngine.unsuccessfulbuild".
       ClCompile:
         C:\Program Files (x86)\Microsoft Visual Studio 10.0\VC\bin\CL.exe /c /I"C:\xerces\xerces-c-windows_2000-msvc_60\include\\" /AI"C:\Program Files (x86)\Reference Assemblies\Microsoft\Framework\.NETFramework\v4.0" /Zi /clr:oldSyntax /nologo /W3 /WX- /Od /Oy- /D WIN32 /D _DEBUG /D XCALIBUR_INSTALLED /D _WINDLL /D _MBCS /Gm- /EHa /MDd /Zp4 /GS /fp:precise /Zc:wchar_t- /Zc:forScope /Fo"Debug\\" /Fd"Debug\vc100.pdb" /Gd /TP /FU"C:\Program Files (x86)\Reference Assemblies\Microsoft\Framework\.NETFramework\v4.0\mscorlib.dll" /FU"C:\Program Files (x86)\Reference Assemblies\Microsoft\Framework\.NETFramework\v4.0\System.Core.dll" /FU"C:\Program Files (x86)\Reference Assemblies\Microsoft\Framework\.NETFramework\v4.0\System.Data.dll" /FU"C:\Program Files (x86)\Reference Assemblies\Microsoft\Framework\.NETFramework\v4.0\System.dll" /analyze- /errorReport:prompt Readers\FinniganRawData.cpp Readers\ReaderFactory.cpp /clr:nostdlib 
     1>cl : Command line warning D9035: option 'clr:oldsyntax' has been deprecated and will be removed in a future release
         FinniganRawData.cpp
     1>d:\users\d3x720\documents\projects\deconmsnold - copy\deconmsnengine\readers\rawdata.h(69): warning C4996: 'strcpy': This function or variable may be unsafe. Consider using strcpy_s instead. To disable deprecation, use _CRT_SECURE_NO_WARNINGS. See online help for details.
                 C:\Program Files (x86)\Microsoft Visual Studio 10.0\VC\include\string.h(105) : see declaration of 'strcpy'
     1>d:\users\d3x720\documents\projects\deconmsnold - copy\deconmsnengine\readers\rawdata.h(70): warning C4996: '_itoa': This function or variable may be unsafe. Consider using _itoa_s instead. To disable deprecation, use _CRT_SECURE_NO_WARNINGS. See online help for details.
                 C:\Program Files (x86)\Microsoft Visual Studio 10.0\VC\include\stdlib.h(451) : see declaration of '_itoa'
     1>Readers\FinniganRawData.cpp(56): warning C4996: 'strcpy': This function or variable may be unsafe. Consider using strcpy_s instead. To disable deprecation, use _CRT_SECURE_NO_WARNINGS. See online help for details.
                 C:\Program Files (x86)\Microsoft Visual Studio 10.0\VC\include\string.h(105) : see declaration of 'strcpy'
     1>Readers\FinniganRawData.cpp(84): warning C4996: 'strcpy': This function or variable may be unsafe. Consider using strcpy_s instead. To disable deprecation, use _CRT_SECURE_NO_WARNINGS. See online help for details.
                 C:\Program Files (x86)\Microsoft Visual Studio 10.0\VC\include\string.h(105) : see declaration of 'strcpy'
     1>Readers\FinniganRawData.cpp(93): warning C4996: 'strcpy': This function or variable may be unsafe. Consider using strcpy_s instead. To disable deprecation, use _CRT_SECURE_NO_WARNINGS. See online help for details.
                 C:\Program Files (x86)\Microsoft Visual Studio 10.0\VC\include\string.h(105) : see declaration of 'strcpy'
     1>Readers\FinniganRawData.cpp(94): warning C4996: 'strcat': This function or variable may be unsafe. Consider using strcat_s instead. To disable deprecation, use _CRT_SECURE_NO_WARNINGS. See online help for details.
                 C:\Program Files (x86)\Microsoft Visual Studio 10.0\VC\include\string.h(110) : see declaration of 'strcat'
     1>Readers\FinniganRawData.cpp(252): warning C4996: 'strcpy': This function or variable may be unsafe. Consider using strcpy_s instead. To disable deprecation, use _CRT_SECURE_NO_WARNINGS. See online help for details.
                 C:\Program Files (x86)\Microsoft Visual Studio 10.0\VC\include\string.h(105) : see declaration of 'strcpy'
     1>Readers\FinniganRawData.cpp(277): warning C4996: 'strcpy': This function or variable may be unsafe. Consider using strcpy_s instead. To disable deprecation, use _CRT_SECURE_NO_WARNINGS. See online help for details.
                 C:\Program Files (x86)\Microsoft Visual Studio 10.0\VC\include\string.h(105) : see declaration of 'strcpy'
     1>Readers\FinniganRawData.cpp(291): warning C4996: 'strcpy': This function or variable may be unsafe. Consider using strcpy_s instead. To disable deprecation, use _CRT_SECURE_NO_WARNINGS. See online help for details.
                 C:\Program Files (x86)\Microsoft Visual Studio 10.0\VC\include\string.h(105) : see declaration of 'strcpy'
     1>Readers\FinniganRawData.cpp(337): warning C4996: 'strcpy': This function or variable may be unsafe. Consider using strcpy_s instead. To disable deprecation, use _CRT_SECURE_NO_WARNINGS. See online help for details.
                 C:\Program Files (x86)\Microsoft Visual Studio 10.0\VC\include\string.h(105) : see declaration of 'strcpy'
     1>Readers\FinniganRawData.cpp(436): warning C4996: 'strcpy': This function or variable may be unsafe. Consider using strcpy_s instead. To disable deprecation, use _CRT_SECURE_NO_WARNINGS. See online help for details.
                 C:\Program Files (x86)\Microsoft Visual Studio 10.0\VC\include\string.h(105) : see declaration of 'strcpy'
     1>Readers\FinniganRawData.cpp(498): warning C4996: 'strcpy': This function or variable may be unsafe. Consider using strcpy_s instead. To disable deprecation, use _CRT_SECURE_NO_WARNINGS. See online help for details.
                 C:\Program Files (x86)\Microsoft Visual Studio 10.0\VC\include\string.h(105) : see declaration of 'strcpy'
         ReaderFactory.cpp
     1>d:\users\d3x720\documents\projects\deconmsnold - copy\deconmsnengine\readers\RawData.h(69): warning C4996: 'strcpy': This function or variable may be unsafe. Consider using strcpy_s instead. To disable deprecation, use _CRT_SECURE_NO_WARNINGS. See online help for details.
                 C:\Program Files (x86)\Microsoft Visual Studio 10.0\VC\include\string.h(105) : see declaration of 'strcpy'
     1>d:\users\d3x720\documents\projects\deconmsnold - copy\deconmsnengine\readers\RawData.h(70): warning C4996: '_itoa': This function or variable may be unsafe. Consider using _itoa_s instead. To disable deprecation, use _CRT_SECURE_NO_WARNINGS. See online help for details.
                 C:\Program Files (x86)\Microsoft Visual Studio 10.0\VC\include\stdlib.h(451) : see declaration of '_itoa'
     1>d:\users\d3x720\documents\projects\deconmsnold - copy\deconmsnengine\readers\MZXmlRawData.h(46): warning C4996: 'strcpy': This function or variable may be unsafe. Consider using strcpy_s instead. To disable deprecation, use _CRT_SECURE_NO_WARNINGS. See online help for details.
                 C:\Program Files (x86)\Microsoft Visual Studio 10.0\VC\include\string.h(105) : see declaration of 'strcpy'
     1>d:\users\d3x720\documents\projects\deconmsnold - copy\deconmsnengine\readers\MZXmlRawData.h(47): warning C4996: '_itoa': This function or variable may be unsafe. Consider using _itoa_s instead. To disable deprecation, use _CRT_SECURE_NO_WARNINGS. See online help for details.
                 C:\Program Files (x86)\Microsoft Visual Studio 10.0\VC\include\stdlib.h(451) : see declaration of '_itoa'
         Generating Code...
         C:\Program Files (x86)\Microsoft Visual Studio 10.0\VC\bin\CL.exe /c /I"C:\xerces\xerces-c-windows_2000-msvc_60\include\\" /AI"C:\Program Files (x86)\Reference Assemblies\Microsoft\Framework\.NETFramework\v4.0" /Zi /clr:oldSyntax /nologo /W3 /WX- /Od /Oy- /D WIN32 /D _DEBUG /D XCALIBUR_INSTALLED /D _WINDLL /D _MBCS /Gm- /EHa /MDd /Zp4 /GS /fp:precise /Zc:wchar_t- /Zc:forScope /Fo"Debug\PeakFit1.obj" /Fd"Debug\vc100.pdb" /Gd /TP /FU"C:\Program Files (x86)\Reference Assemblies\Microsoft\Framework\.NETFramework\v4.0\mscorlib.dll" /FU"C:\Program Files (x86)\Reference Assemblies\Microsoft\Framework\.NETFramework\v4.0\System.Core.dll" /FU"C:\Program Files (x86)\Reference Assemblies\Microsoft\Framework\.NETFramework\v4.0\System.Data.dll" /FU"C:\Program Files (x86)\Reference Assemblies\Microsoft\Framework\.NETFramework\v4.0\System.dll" /analyze- /errorReport:prompt HornTransform\PeakFit.cpp /clr:nostdlib 
     1>cl : Command line warning D9035: option 'clr:oldsyntax' has been deprecated and will be removed in a future release
         PeakFit.cpp
       ResourceCompile:
         C:\Program Files (x86)\Microsoft SDKs\Windows\v7.0A\bin\rc.exe /l"0x0409" /nologo /fo"Debug\app.res" app.rc 
       Link:
         C:\Program Files (x86)\Microsoft Visual Studio 10.0\VC\bin\link.exe /ERRORREPORT:PROMPT /OUT:"D:\Users\d3x720\Documents\Projects\DeconMSnOld - Copy\Debug\DeconMsnEngine.dll" /INCREMENTAL /NOLOGO /LIBPATH:"C:\xerces\xerces-c_2_8_0-x86-windows-vc_7_1\lib" /LIBPATH:"C:\xerces\xerces-c-windows_2000-msvc_60\lib" mscoree.lib msvcrtd.lib Ws2_32.lib "xerces-c_2.lib" msvcrt.lib "xerces-c_2D.lib" kernel32.lib user32.lib gdi32.lib winspool.lib comdlg32.lib advapi32.lib shell32.lib ole32.lib oleaut32.lib uuid.lib odbc32.lib odbccp32.lib /INCLUDE:"__DllMainCRTStartup@12" /MANIFEST /ManifestFile:"Debug\DeconMsnEngine.dll.intermediate.manifest" /MANIFESTUAC:"level='asInvoker' uiAccess='false'" /DEBUG /PDB:"D:\Users\d3x720\Documents\Projects\DeconMSnOld - Copy\Debug\DeconMsnEngine.pdb" /ASSEMBLYDEBUG /TLBID:1 /DYNAMICBASE /FIXED:NO /NXCOMPAT /MACHINE:X86 /DLL Debug\app.res
         Debug\AssemblyInfo.obj
         Debug\clsAveragine.obj
         Debug\clsDTAGenerationParameters.obj
         Debug\clsElementIsotopes.obj
         Debug\clsHornTransform.obj
         Debug\clsHornTransformParameters.obj
         Debug\clsHornTransformResults.obj
         Debug\clsIsotopeFit.obj
         Debug\clsMercuryIsotopeDistribution.obj
         Debug\clsPeak.obj
         Debug\clsPeakProcessor.obj
         Debug\clsPeakProcessorParameters.obj
         Debug\clsProcRunner.obj
         Debug\clsRawData.obj
         Debug\clsRawDataPreprocessOptions.obj
         Debug\clsTransformFile.obj
         Debug\clsTransformResults.obj
         Debug\DeconEngine.obj
         Debug\DeconEngineUtils.obj
         Debug\AgilentRawData.obj
         Debug\AsciiRawData.obj
         Debug\BrukerAsciiRawData.obj
         Debug\BrukerRawData.obj
         Debug\FinniganRawData.obj
         Debug\Ic2LSRawData.obj
         Debug\IMSRawData.obj
         Debug\MicromassRawData.obj
         Debug\MZXmlRawData.obj
         Debug\RawData.obj
         Debug\ReaderFactory.obj
         Debug\SunExtrelRawData.obj
         Debug\base64.obj
         Debug\ramp.obj
         Debug\Calibrator.obj
         Debug\CalibratorImp.obj
         Debug\Apodization.obj
         Debug\BlockDeque.obj
         Debug\DeconException.obj
         Debug\Fft32.obj
         Debug\helpers.obj
         Debug\Interpolation.obj
         Debug\Matrix.obj
         Debug\savgol.obj
         Debug\SavGolSmoother.obj
         Debug\Peak.obj
         Debug\PeakData.obj
         Debug\PeakFit.obj
         Debug\PeakProcessor.obj
         Debug\AreaFit.obj
         Debug\ChiSqFit.obj
         Debug\IsotopeFit.obj
         Debug\IsotopeFitRecord.obj
         Debug\MassTransform.obj
         Debug\MercuryCache.obj
         Debug\AtomicInformation.obj
         Debug\Averagine.obj
         Debug\MercuryIsotopeDistribution.obj
         Debug\MolecularFormula.obj
         Debug\AutoCorrelationChargeDetermination.obj
         Debug\FeatureSpace.obj
         Debug\SVMChargeDetermination.obj
         Debug\LCMSTransformResults.obj
         Debug\DTAGeneration.obj
         Debug\MSnInformationRecord.obj
         Debug\ProfileRecord.obj
         Debug\ResultChecker.obj
         Debug\PeakFit1.obj
     1>SVMChargeDetermination.obj : warning LNK4248: unresolved typeref token (0100001B) for 'xercesc_2_7.XMLValidator'; image may not run
     1>AtomicInformation.obj : warning LNK4248: unresolved typeref token (0100001B) for 'xercesc_2_7.XMLValidator'; image may not run
     1>SVMChargeDetermination.obj : warning LNK4248: unresolved typeref token (0100001C) for 'xercesc_2_7.XMLGrammarPool'; image may not run
     1>AtomicInformation.obj : warning LNK4248: unresolved typeref token (0100001C) for 'xercesc_2_7.XMLGrammarPool'; image may not run
         DeconMsnEngine.vcxproj -> D:\Users\d3x720\Documents\Projects\DeconMSnOld - Copy\Debug\DeconMsnEngine.dll
       Manifest:
         C:\Program Files (x86)\Microsoft SDKs\Windows\v7.0A\bin\mt.exe /nologo /verbose /outputresource:"D:\Users\d3x720\Documents\Projects\DeconMSnOld - Copy\Debug\DeconMsnEngine.dll;#2" /manifest Debug\DeconMsnEngine.dll.intermediate.manifest
       FinalizeBuildStatus:
         Deleting file "Debug\DeconMsnEngine.unsuccessfulbuild".
         Touching "Debug\DeconMsnEngine.lastbuildstate".
     1>Done Building Project "D:\Users\d3x720\Documents\Projects\DeconMSnOld - Copy\DeconMSnEngine\DeconMsnEngine.vcxproj" (build target(s)).

Build succeeded.

Time Elapsed 00:00:08.44
