Build started 9/20/2013 12:31:46 PM.
     1>Project "D:\Users\d3x720\Documents\Projects\DeconMSnOld - Copy\DeconMSn\DeconMSn.vcxproj" on node 3 (rebuild target(s)).
     1>_PrepareForClean:
         Deleting file "Debug\DeconMSn.lastbuildstate".
       InitializeBuildStatus:
         Creating "Debug\DeconMSn.unsuccessfulbuild" because "AlwaysCreate" was specified.
       ClCompile:
         C:\Program Files (x86)\Microsoft Visual Studio 10.0\VC\bin\CL.exe /c /AI"C:\Program Files (x86)\Reference Assemblies\Microsoft\Framework\.NETFramework\v4.0" /Zi /clr:oldSyntax /nologo /W3 /WX- /Od /Oy- /D WIN32 /D _DEBUG /D _MBCS /Gm- /EHa /MDd /GS /fp:precise /Zc:wchar_t /Zc:forScope /Fo"Debug\\" /Fd"Debug\vc100.pdb" /TP /FU"D:\Users\d3x720\Documents\Projects\DeconMSnOld - Copy\Debug\DeconMsnEngine.dll" /FU"C:\Program Files (x86)\Reference Assemblies\Microsoft\Framework\.NETFramework\v4.0\mscorlib.dll" /FU"C:\Program Files (x86)\Reference Assemblies\Microsoft\Framework\.NETFramework\v4.0\System.Core.dll" /FU"C:\Program Files (x86)\Reference Assemblies\Microsoft\Framework\.NETFramework\v4.0\System.Data.dll" /FU"C:\Program Files (x86)\Reference Assemblies\Microsoft\Framework\.NETFramework\v4.0\System.dll" /FU"C:\Program Files (x86)\Reference Assemblies\Microsoft\Framework\.NETFramework\v4.0\System.Xml.dll" /analyze- /errorReport:prompt AssemblyInfo.cpp DeconMSn.cpp stdafx.cpp /clr:nostdlib 
     1>cl : Command line warning D9035: option 'clr:oldsyntax' has been deprecated and will be removed in a future release
         AssemblyInfo.cpp
         DeconMSn.cpp
     1>DeconMSn.cpp(107): warning C4244: 'initializing' : conversion from 'wchar_t' to 'char', possible loss of data
     1>DeconMSn.cpp(42): warning C4101: 'ioPath' : unreferenced local variable
     1>DeconMSn.cpp(45): warning C4101: 'strDllFileAndPath' : unreferenced local variable
         stdafx.cpp
         Generating Code...
       ResourceCompile:
         C:\Program Files (x86)\Microsoft SDKs\Windows\v7.0A\bin\rc.exe /l"0x0409" /nologo /fo"Debug\app.res" app.rc 
       Link:
         C:\Program Files (x86)\Microsoft Visual Studio 10.0\VC\bin\link.exe /ERRORREPORT:PROMPT /OUT:"D:\Users\d3x720\Documents\Projects\DeconMSnOld - Copy\Debug\DeconMSn.exe" /INCREMENTAL /NOLOGO kernel32.lib user32.lib gdi32.lib winspool.lib comdlg32.lib advapi32.lib shell32.lib ole32.lib oleaut32.lib uuid.lib odbc32.lib odbccp32.lib /MANIFEST /ManifestFile:"Debug\DeconMSn.exe.intermediate.manifest" /MANIFESTUAC:"level='asInvoker' uiAccess='false'" /DEBUG /PDB:"D:\Users\d3x720\Documents\Projects\DeconMSnOld - Copy\Debug\DeconMSn.pdb" /ASSEMBLYDEBUG /TLBID:1 /DYNAMICBASE /FIXED:NO /NXCOMPAT /MACHINE:X86 Debug\app.res
         Debug\AssemblyInfo.obj
         Debug\DeconMSn.obj
         Debug\stdafx.obj
         DeconMSn.vcxproj -> D:\Users\d3x720\Documents\Projects\DeconMSnOld - Copy\Debug\DeconMSn.exe
       Manifest:
         C:\Program Files (x86)\Microsoft SDKs\Windows\v7.0A\bin\mt.exe /nologo /verbose /outputresource:"D:\Users\d3x720\Documents\Projects\DeconMSnOld - Copy\Debug\DeconMSn.exe;#1" /manifest Debug\DeconMSn.exe.intermediate.manifest
       FinalizeBuildStatus:
         Deleting file "Debug\DeconMSn.unsuccessfulbuild".
         Touching "Debug\DeconMSn.lastbuildstate".
     1>Done Building Project "D:\Users\d3x720\Documents\Projects\DeconMSnOld - Copy\DeconMSn\DeconMSn.vcxproj" (rebuild target(s)).

Build succeeded.

Time Elapsed 00:00:05.15
