D:\USERS\D3X720\DOCUMENTS\PROJECTS\DECONMSNOLD - COPY\DEBUG\DECONMSN.EXE
D:\USERS\D3X720\DOCUMENTS\PROJECTS\DECONMSNOLD - COPY\DEBUG\DECONMSN.ILK
D:\USERS\D3X720\DOCUMENTS\PROJECTS\DECONMSNOLD - COPY\DEBUG\DECONMSN.PDB
D:\USERS\D3X720\DOCUMENTS\PROJECTS\DECONMSNOLD - COPY\DECONMSN\DEBUG\APP.RES
D:\USERS\D3X720\DOCUMENTS\PROJECTS\DECONMSNOLD - COPY\DECONMSN\DEBUG\ASSEMBLYINFO.OBJ
D:\Users\d3x720\Documents\Projects\DeconMSnOld - Copy\DeconMSn\Debug\cl.command.1.tlog
D:\Users\d3x720\Documents\Projects\DeconMSnOld - Copy\DeconMSn\Debug\CL.read.1.tlog
D:\Users\d3x720\Documents\Projects\DeconMSnOld - Copy\DeconMSn\Debug\CL.write.1.tlog
D:\USERS\D3X720\DOCUMENTS\PROJECTS\DECONMSNOLD - COPY\DECONMSN\DEBUG\DECONMSN.EXE.INTERMEDIATE.MANIFEST
D:\USERS\D3X720\DOCUMENTS\PROJECTS\DECONMSNOLD - COPY\DECONMSN\DEBUG\DECONMSN.OBJ
D:\Users\d3x720\Documents\Projects\DeconMSnOld - Copy\DeconMSn\Debug\DeconMSn.write.1.tlog
D:\Users\d3x720\Documents\Projects\DeconMSnOld - Copy\DeconMSn\Debug\EEDFTCSP.DLL.bi
D:\Users\d3x720\Documents\Projects\DeconMSnOld - Copy\DeconMSn\Debug\link.11420.read.1.tlog
D:\Users\d3x720\Documents\Projects\DeconMSnOld - Copy\DeconMSn\Debug\link.11420.write.1.tlog
D:\Users\d3x720\Documents\Projects\DeconMSnOld - Copy\DeconMSn\Debug\link.11420-cvtres.read.1.tlog
D:\Users\d3x720\Documents\Projects\DeconMSnOld - Copy\DeconMSn\Debug\link.11420-cvtres.write.1.tlog
D:\Users\d3x720\Documents\Projects\DeconMSnOld - Copy\DeconMSn\Debug\link.command.1.tlog
D:\Users\d3x720\Documents\Projects\DeconMSnOld - Copy\DeconMSn\Debug\link.read.1.tlog
D:\Users\d3x720\Documents\Projects\DeconMSnOld - Copy\DeconMSn\Debug\link.write.1.tlog
D:\Users\d3x720\Documents\Projects\DeconMSnOld - Copy\DeconMSn\Debug\metagen.read.1.tlog
D:\Users\d3x720\Documents\Projects\DeconMSnOld - Copy\DeconMSn\Debug\metagen.write.1.tlog
D:\Users\d3x720\Documents\Projects\DeconMSnOld - Copy\DeconMSn\Debug\mt.command.1.tlog
D:\Users\d3x720\Documents\Projects\DeconMSnOld - Copy\DeconMSn\Debug\mt.read.1.tlog
D:\Users\d3x720\Documents\Projects\DeconMSnOld - Copy\DeconMSn\Debug\mt.write.1.tlog
D:\Users\d3x720\Documents\Projects\DeconMSnOld - Copy\DeconMSn\Debug\rc.command.1.tlog
D:\Users\d3x720\Documents\Projects\DeconMSnOld - Copy\DeconMSn\Debug\rc.read.1.tlog
D:\Users\d3x720\Documents\Projects\DeconMSnOld - Copy\DeconMSn\Debug\rc.write.1.tlog
D:\Users\d3x720\Documents\Projects\DeconMSnOld - Copy\DeconMSn\Debug\ResolveAssemblyReference.cache
D:\Users\d3x720\Documents\Projects\DeconMSnOld - Copy\DeconMSn\Debug\RSAENH.DLL.bi
D:\USERS\D3X720\DOCUMENTS\PROJECTS\DECONMSNOLD - COPY\DECONMSN\DEBUG\STDAFX.OBJ
D:\Users\d3x720\Documents\Projects\DeconMSnOld - Copy\DeconMSn\Debug\TZRES.DLL.bi
D:\USERS\D3X720\DOCUMENTS\PROJECTS\DECONMSNOLD - COPY\DECONMSN\DEBUG\VC100.PDB
